Build started 12/24/2011 11:25:31 AM.
     1>Project "H:\projects\LD48_dec_2011\windows7\Alone\Alone.vcxproj" on node 2 (build target(s)).
     1>InitializeBuildStatus:
         Creating "Release\Alone.unsuccessfulbuild" because "AlwaysCreate" was specified.
       ClCompile:
         C:\Program Files (x86)\Microsoft Visual Studio 10.0\VC\bin\CL.exe /c /Zi /nologo /W3 /WX- /O2 /Oi /Oy- /GL /D WIN32 /D NDEBUG /D _CONSOLE /D _UNICODE /D UNICODE /Gm- /EHsc /MD /GS /Gy /fp:precise /Zc:wchar_t /Zc:forScope /Fo"Release\\" /Fd"Release\vc100.pdb" /Gd /TP /analyze- /errorReport:prompt block.cpp entity.cpp game.cpp keyhandler.cpp main.cpp particle.cpp player.cpp point.cpp
         block.cpp
     1>block.cpp(15): warning C4244: 'argument' : conversion from 'double' to 'float', possible loss of data
     1>block.cpp(15): warning C4244: 'argument' : conversion from 'double' to 'float', possible loss of data
         entity.cpp
         game.cpp
         keyhandler.cpp
         main.cpp
     1>main.cpp(64): warning C4996: 'itoa': The POSIX name for this item is deprecated. Instead, use the ISO C++ conformant name: _itoa. See online help for details.
                 C:\Program Files (x86)\Microsoft Visual Studio 10.0\VC\include\stdlib.h(867) : see declaration of 'itoa'
         particle.cpp
         player.cpp
     1>player.cpp(105): warning C4244: '=' : conversion from 'double' to 'int', possible loss of data
     1>player.cpp(106): warning C4244: '=' : conversion from 'double' to 'int', possible loss of data
         point.cpp
       Link:
         C:\Program Files (x86)\Microsoft Visual Studio 10.0\VC\bin\link.exe /ERRORREPORT:PROMPT /OUT:"H:\projects\LD48_dec_2011\windows7\Release\Alone.exe" /INCREMENTAL:NO /NOLOGO "sfml-system-s.lib" "sfml-window-s.lib" "sfml-graphics-s.lib" "sfml-audio-s.lib" "sfml-main.lib" "sfml-network-s.lib" kernel32.lib user32.lib gdi32.lib winspool.lib comdlg32.lib advapi32.lib shell32.lib ole32.lib oleaut32.lib uuid.lib odbc32.lib odbccp32.lib /MANIFEST /ManifestFile:"Release\Alone.exe.intermediate.manifest" /MANIFESTUAC:"level='asInvoker' uiAccess='false'" /DEBUG /PDB:"H:\projects\LD48_dec_2011\windows7\Release\Alone.pdb" /SUBSYSTEM:CONSOLE /OPT:REF /OPT:ICF /LTCG /TLBID:1 /DYNAMICBASE /NXCOMPAT /IMPLIB:"H:\projects\LD48_dec_2011\windows7\Release\Alone.lib" /MACHINE:X86 Release\block.obj
         Release\entity.obj
         Release\game.obj
         Release\keyhandler.obj
         Release\main.obj
         Release\particle.obj
         Release\player.obj
         Release\point.obj
     1>LINK : warning LNK4098: defaultlib 'LIBCMT' conflicts with use of other libs; use /NODEFAULTLIB:library
         Generating code
         Finished generating code
         Alone.vcxproj -> H:\projects\LD48_dec_2011\windows7\Release\Alone.exe
       Manifest:
         C:\Program Files (x86)\Microsoft SDKs\Windows\v7.0A\bin\mt.exe /nologo /verbose /outputresource:"H:\projects\LD48_dec_2011\windows7\Release\Alone.exe;#1" /manifest Release\Alone.exe.intermediate.manifest
       FinalizeBuildStatus:
         Deleting file "Release\Alone.unsuccessfulbuild".
         Touching "Release\Alone.lastbuildstate".
     1>Done Building Project "H:\projects\LD48_dec_2011\windows7\Alone\Alone.vcxproj" (build target(s)).

Build succeeded.

Time Elapsed 00:00:10.50
